0 info it worked if it ends with ok
1 verbose cli [ '/Users/creindle/.nvm/versions/node/v4.4.3/bin/node',
1 verbose cli   '/Users/creindle/.nvm/versions/node/v4.4.3/bin/npm',
1 verbose cli   'start' ]
2 info using npm@3.10.6
3 info using node@v4.4.3
4 verbose run-script [ 'prestart', 'start', 'poststart' ]
5 info lifecycle hacc2016-DevLeague-for-Homelessness@1.0.0~prestart: hacc2016-DevLeague-for-Homelessness@1.0.0
6 silly lifecycle hacc2016-DevLeague-for-Homelessness@1.0.0~prestart: no script for prestart, continuing
7 info lifecycle hacc2016-DevLeague-for-Homelessness@1.0.0~start: hacc2016-DevLeague-for-Homelessness@1.0.0
8 verbose lifecycle hacc2016-DevLeague-for-Homelessness@1.0.0~start: unsafe-perm in lifecycle true
9 verbose lifecycle hacc2016-DevLeague-for-Homelessness@1.0.0~start: PATH: /Users/creindle/.nvm/versions/node/v4.4.3/lib/node_modules/npm/bin/node-gyp-bin:/Users/creindle/Desktop/DevLeague/hacc2016-DevLeague-for-Homelessness/node_modules/.bin:/Users/creindle/.rvm/gems/ruby-2.3.0/bin:/Users/creindle/.rvm/gems/ruby-2.3.0@global/bin:/Users/creindle/.rvm/rubies/ruby-2.3.0/bin:/Users/creindle/.nvm/versions/node/v4.4.3/bin:/usr/local/bin:/usr/bin:/bin:/usr/sbin:/sbin:/opt/X11/bin:/Users/creindle/.rvm/gems/ruby-2.3.0/bin:/Users/creindle/.rvm/gems/ruby-2.3.0@global/bin:/Users/creindle/.rvm/rubies/ruby-2.3.0/bin:/usr/local/bin:/usr/bin:/bin:/usr/sbin:/sbin:/opt/X11/bin:/Users/creindle/.rvm/bin
10 verbose lifecycle hacc2016-DevLeague-for-Homelessness@1.0.0~start: CWD: /Users/creindle/Desktop/DevLeague/hacc2016-DevLeague-for-Homelessness
11 silly lifecycle hacc2016-DevLeague-for-Homelessness@1.0.0~start: Args: [ '-c', 'node server.js' ]
12 silly lifecycle hacc2016-DevLeague-for-Homelessness@1.0.0~start: Returned: code: 1  signal: null
13 info lifecycle hacc2016-DevLeague-for-Homelessness@1.0.0~start: Failed to exec start script
14 verbose stack Error: hacc2016-DevLeague-for-Homelessness@1.0.0 start: `node server.js`
14 verbose stack Exit status 1
14 verbose stack     at EventEmitter.<anonymous> (/Users/creindle/.nvm/versions/node/v4.4.3/lib/node_modules/npm/lib/utils/lifecycle.js:255:16)
14 verbose stack     at emitTwo (events.js:87:13)
14 verbose stack     at EventEmitter.emit (events.js:172:7)
14 verbose stack     at ChildProcess.<anonymous> (/Users/creindle/.nvm/versions/node/v4.4.3/lib/node_modules/npm/lib/utils/spawn.js:40:14)
14 verbose stack     at emitTwo (events.js:87:13)
14 verbose stack     at ChildProcess.emit (events.js:172:7)
14 verbose stack     at maybeClose (internal/child_process.js:827:16)
14 verbose stack     at Process.ChildProcess._handle.onexit (internal/child_process.js:211:5)
15 verbose pkgid hacc2016-DevLeague-for-Homelessness@1.0.0
16 verbose cwd /Users/creindle/Desktop/DevLeague/hacc2016-DevLeague-for-Homelessness
17 error Darwin 15.0.0
18 error argv "/Users/creindle/.nvm/versions/node/v4.4.3/bin/node" "/Users/creindle/.nvm/versions/node/v4.4.3/bin/npm" "start"
19 error node v4.4.3
20 error npm  v3.10.6
21 error code ELIFECYCLE
22 error hacc2016-DevLeague-for-Homelessness@1.0.0 start: `node server.js`
22 error Exit status 1
23 error Failed at the hacc2016-DevLeague-for-Homelessness@1.0.0 start script 'node server.js'.
23 error Make sure you have the latest version of node.js and npm installed.
23 error If you do, this is most likely a problem with the hacc2016-DevLeague-for-Homelessness package,
23 error not with npm itself.
23 error Tell the author that this fails on your system:
23 error     node server.js
23 error You can get information on how to open an issue for this project with:
23 error     npm bugs hacc2016-DevLeague-for-Homelessness
23 error Or if that isn't available, you can get their info via:
23 error     npm owner ls hacc2016-DevLeague-for-Homelessness
23 error There is likely additional logging output above.
24 verbose exit [ 1, true ]
